
 ************ SBSA Architecture Compliance Suite ********* 
                        Version 2.5  

 Starting tests for level  4 (Print level is  3)

 Gathering system information.... 
 PE_INFO: Number of PE detected       :    8 
 PCIE_INFO: Number of ECAM regions    :    1 
 Peripheral: Num of USB controllers   :    0 
 Peripheral: Num of SATA controllers  :    3 
 Peripheral: Num of UART controllers  :    0 
 DMA_INFO: Number of DMA CTRL in PCIe :    0 
 SMMU_INFO: Number of SMMU CTRL       :    0 

      *** Starting PCIe tests ***  
 401 : Check ECAM Presence               : Result:  PASS 
 402 : Check ECAM value in MCFG table    : Result:  PASS 
 404 : PCIe Unaligned access, Norm mem   : Result:  PASS 
 405 : DMA Address translations (SATA)   
       No DMA controllers detected...    : Result:  -SKIPPED- 1 
 406 : No extra addr translation - SMMU  
       No DMA controllers detected...    : Result:  -SKIPPED- 2 
 407 : Check MSI support for PCIe device : Result:  PASS 
 408 : Check MSI(X) vectors uniqueness   : Result:  PASS 
 409 : Check all MSI(X) vectors are LPIs : Result:  PASS 
 411 : PCIe RC & PE, Same Inner SH Domain: Result:  PASS 
 412 : PCI legacy interrupt SPI ID unique
       Unable to fetch _PRT ACPI handle
       Unable to fetch _PRT ACPI handle
       Unable to fetch _PRT ACPI handle
       Unable to fetch _PRT ACPI handle
       Unable to fetch _PRT ACPI handle
       Unable to fetch _PRT ACPI handle
       Interrupt hard-wire error
       Interrupt hard-wire error
       Interrupt hard-wire error: Result:  PASS 
 410 : PASID support atleast 16 bits     : Result:  -SKIPPED- 3 
 413 : Addressability of Non-Sec masters 
       WARNING:The device with bdf=0x80001 doesn't support 64 bit addressing
       and is not behind SMMU. Please install driver for this device and
       test again. If driver is already installed, this test has failed.
       The device is of type = 1
       Failed on PE -    0 for Level=  4 : Result:  --FAIL-- 1 
 414 : Memory attributes of DMA traffic  
       No DMA controllers detected...    : Result:  -SKIPPED- 3 
 415 : PCIe No Snoop transaction attr    : Result:  PASS 
 416 : NP type-1 pcie only support 32-bit: Result:  -SKIPPED- 3 
 417 : Root port must implement minimal ACS features if P2P supported: Result:  -SKIPPED- 3 
 418 : All switches must implement minimal ACS features if P2P supported: Result:  -SKIPPED- 3 
 419 : Multifunction devices must implement minimal ACS features if P2P supported: Result:  -SKIPPED- 3 

     One or more PCIe tests have failed.... 

     ------------------------------------------------------------
      Total Tests Run = 18, Tests Passed =  9, Tests Failed =  1 
     ------------------------------------------------------------
                    *** SBSA tests complete *** 

